<?xml version="1.0" encoding="UTF-8"?>
<testsuite xmlns:xsi="http://www.w3.org/2001/XMLSchema-instance" xsi:noNamespaceSchemaLocation="https://maven.apache.org/surefire/maven-surefire-plugin/xsd/surefire-test-report.xsd" name="com.spayker.device.DeviceServiceApplicationTests" time="0.015" tests="1" errors="0" skipped="0" failures="0">
  <properties>
    <property name="sun.desktop" value="gnome"/>
    <property name="awt.toolkit" value="sun.awt.X11.XToolkit"/>
    <property name="java.specification.version" value="11"/>
    <property name="sun.cpu.isalist" value=""/>
    <property name="sun.jnu.encoding" value="UTF-8"/>
    <property name="java.class.path" value="/home/spayker/projects/sbp_server/sbp_server/device-service/target/test-classes:/home/spayker/projects/sbp_server/sbp_server/device-service/target/classes:/home/spayker/.m2/repository/org/springframework/cloud/spring-cloud-starter-oauth2/2.1.5.RELEASE/spring-cloud-starter-oauth2-2.1.5.RELEASE.jar:/home/spayker/.m2/repository/org/springframework/cloud/spring-cloud-starter-security/2.1.5.RELEASE/spring-cloud-starter-security-2.1.5.RELEASE.jar:/home/spayker/.m2/repository/org/springframework/cloud/spring-cloud-security/2.1.5.RELEASE/spring-cloud-security-2.1.5.RELEASE.jar:/home/spayker/.m2/repository/org/springframework/security/oauth/boot/spring-security-oauth2-autoconfigure/2.1.2.RELEASE/spring-security-oauth2-autoconfigure-2.1.2.RELEASE.jar:/home/spayker/.m2/repository/com/fasterxml/jackson/core/jackson-annotations/2.9.0/jackson-annotations-2.9.0.jar:/home/spayker/.m2/repository/com/sun/xml/bind/jaxb-core/2.3.0.1/jaxb-core-2.3.0.1.jar:/home/spayker/.m2/repository/com/sun/xml/bind/jaxb-impl/2.3.0.1/jaxb-impl-2.3.0.1.jar:/home/spayker/.m2/repository/org/springframework/boot/spring-boot/2.1.4.RELEASE/spring-boot-2.1.4.RELEASE.jar:/home/spayker/.m2/repository/org/springframework/boot/spring-boot-autoconfigure/2.1.4.RELEASE/spring-boot-autoconfigure-2.1.4.RELEASE.jar:/home/spayker/.m2/repository/org/springframework/security/oauth/spring-security-oauth2/2.3.4.RELEASE/spring-security-oauth2-2.3.4.RELEASE.jar:/home/spayker/.m2/repository/commons-codec/commons-codec/1.11/commons-codec-1.11.jar:/home/spayker/.m2/repository/org/codehaus/jackson/jackson-mapper-asl/1.9.13/jackson-mapper-asl-1.9.13.jar:/home/spayker/.m2/repository/org/codehaus/jackson/jackson-core-asl/1.9.13/jackson-core-asl-1.9.13.jar:/home/spayker/.m2/repository/org/springframework/security/spring-security-jwt/1.0.9.RELEASE/spring-security-jwt-1.0.9.RELEASE.jar:/home/spayker/.m2/repository/org/bouncycastle/bcpkix-jdk15on/1.56/bcpkix-jdk15on-1.56.jar:/home/spayker/.m2/repository/org/bouncycastle/bcprov-jdk15on/1.56/bcprov-jdk15on-1.56.jar:/home/spayker/.m2/repository/javax/activation/javax.activation-api/1.2.0/javax.activation-api-1.2.0.jar:/home/spayker/.m2/repository/javax/xml/bind/jaxb-api/2.3.1/jaxb-api-2.3.1.jar:/home/spayker/.m2/repository/org/springframework/boot/spring-boot-starter-security/2.1.4.RELEASE/spring-boot-starter-security-2.1.4.RELEASE.jar:/home/spayker/.m2/repository/org/springframework/boot/spring-boot-starter/2.1.4.RELEASE/spring-boot-starter-2.1.4.RELEASE.jar:/home/spayker/.m2/repository/javax/annotation/javax.annotation-api/1.3.2/javax.annotation-api-1.3.2.jar:/home/spayker/.m2/repository/org/yaml/snakeyaml/1.23/snakeyaml-1.23.jar:/home/spayker/.m2/repository/org/springframework/spring-aop/5.1.6.RELEASE/spring-aop-5.1.6.RELEASE.jar:/home/spayker/.m2/repository/org/springframework/spring-beans/5.1.6.RELEASE/spring-beans-5.1.6.RELEASE.jar:/home/spayker/.m2/repository/org/springframework/security/spring-security-config/5.1.5.RELEASE/spring-security-config-5.1.5.RELEASE.jar:/home/spayker/.m2/repository/org/springframework/security/spring-security-core/5.1.5.RELEASE/spring-security-core-5.1.5.RELEASE.jar:/home/spayker/.m2/repository/org/springframework/spring-context/5.1.6.RELEASE/spring-context-5.1.6.RELEASE.jar:/home/spayker/.m2/repository/org/springframework/security/spring-security-web/5.1.5.RELEASE/spring-security-web-5.1.5.RELEASE.jar:/home/spayker/.m2/repository/org/springframework/spring-expression/5.1.6.RELEASE/spring-expression-5.1.6.RELEASE.jar:/home/spayker/.m2/repository/org/springframework/cloud/spring-cloud-starter-config/2.1.5.RELEASE/spring-cloud-starter-config-2.1.5.RELEASE.jar:/home/spayker/.m2/repository/org/springframework/cloud/spring-cloud-starter/2.1.4.RELEASE/spring-cloud-starter-2.1.4.RELEASE.jar:/home/spayker/.m2/repository/org/springframework/cloud/spring-cloud-context/2.1.4.RELEASE/spring-cloud-context-2.1.4.RELEASE.jar:/home/spayker/.m2/repository/org/springframework/security/spring-security-rsa/1.0.7.RELEASE/spring-security-rsa-1.0.7.RELEASE.jar:/home/spayker/.m2/repository/org/springframework/cloud/spring-cloud-config-client/2.1.5.RELEASE/spring-cloud-config-client-2.1.5.RELEASE.jar:/home/spayker/.m2/repository/com/fasterxml/jackson/core/jackson-databind/2.9.8/jackson-databind-2.9.8.jar:/home/spayker/.m2/repository/com/fasterxml/jackson/core/jackson-core/2.9.8/jackson-core-2.9.8.jar:/home/spayker/.m2/repository/org/springframework/boot/spring-boot-starter-web/2.1.4.RELEASE/spring-boot-starter-web-2.1.4.RELEASE.jar:/home/spayker/.m2/repository/org/springframework/boot/spring-boot-starter-json/2.1.4.RELEASE/spring-boot-starter-json-2.1.4.RELEASE.jar:/home/spayker/.m2/repository/com/fasterxml/jackson/datatype/jackson-datatype-jdk8/2.9.8/jackson-datatype-jdk8-2.9.8.jar:/home/spayker/.m2/repository/com/fasterxml/jackson/datatype/jackson-datatype-jsr310/2.9.8/jackson-datatype-jsr310-2.9.8.jar:/home/spayker/.m2/repository/com/fasterxml/jackson/module/jackson-module-parameter-names/2.9.8/jackson-module-parameter-names-2.9.8.jar:/home/spayker/.m2/repository/org/springframework/boot/spring-boot-starter-tomcat/2.1.4.RELEASE/spring-boot-starter-tomcat-2.1.4.RELEASE.jar:/home/spayker/.m2/repository/org/apache/tomcat/embed/tomcat-embed-core/9.0.17/tomcat-embed-core-9.0.17.jar:/home/spayker/.m2/repository/org/apache/tomcat/embed/tomcat-embed-el/9.0.17/tomcat-embed-el-9.0.17.jar:/home/spayker/.m2/repository/org/apache/tomcat/embed/tomcat-embed-websocket/9.0.17/tomcat-embed-websocket-9.0.17.jar:/home/spayker/.m2/repository/org/hibernate/validator/hibernate-validator/6.0.16.Final/hibernate-validator-6.0.16.Final.jar:/home/spayker/.m2/repository/javax/validation/validation-api/2.0.1.Final/validation-api-2.0.1.Final.jar:/home/spayker/.m2/repository/org/jboss/logging/jboss-logging/3.3.2.Final/jboss-logging-3.3.2.Final.jar:/home/spayker/.m2/repository/com/fasterxml/classmate/1.4.0/classmate-1.4.0.jar:/home/spayker/.m2/repository/org/springframework/spring-web/5.1.6.RELEASE/spring-web-5.1.6.RELEASE.jar:/home/spayker/.m2/repository/org/springframework/spring-webmvc/5.1.6.RELEASE/spring-webmvc-5.1.6.RELEASE.jar:/home/spayker/.m2/repository/org/springframework/cloud/spring-cloud-starter-openfeign/2.1.4.RELEASE/spring-cloud-starter-openfeign-2.1.4.RELEASE.jar:/home/spayker/.m2/repository/org/springframework/cloud/spring-cloud-openfeign-core/2.1.4.RELEASE/spring-cloud-openfeign-core-2.1.4.RELEASE.jar:/home/spayker/.m2/repository/io/github/openfeign/form/feign-form-spring/3.8.0/feign-form-spring-3.8.0.jar:/home/spayker/.m2/repository/io/github/openfeign/form/feign-form/3.8.0/feign-form-3.8.0.jar:/home/spayker/.m2/repository/commons-fileupload/commons-fileupload/1.4/commons-fileupload-1.4.jar:/home/spayker/.m2/repository/commons-io/commons-io/2.2/commons-io-2.2.jar:/home/spayker/.m2/repository/org/springframework/cloud/spring-cloud-commons/2.1.4.RELEASE/spring-cloud-commons-2.1.4.RELEASE.jar:/home/spayker/.m2/repository/org/springframework/security/spring-security-crypto/5.1.5.RELEASE/spring-security-crypto-5.1.5.RELEASE.jar:/home/spayker/.m2/repository/io/github/openfeign/feign-core/10.4.0/feign-core-10.4.0.jar:/home/spayker/.m2/repository/io/github/openfeign/feign-slf4j/10.4.0/feign-slf4j-10.4.0.jar:/home/spayker/.m2/repository/io/github/openfeign/feign-hystrix/10.4.0/feign-hystrix-10.4.0.jar:/home/spayker/.m2/repository/com/netflix/archaius/archaius-core/0.7.6/archaius-core-0.7.6.jar:/home/spayker/.m2/repository/com/google/code/findbugs/jsr305/3.0.1/jsr305-3.0.1.jar:/home/spayker/.m2/repository/org/springframework/cloud/spring-cloud-starter-netflix-eureka-client/2.1.4.RELEASE/spring-cloud-starter-netflix-eureka-client-2.1.4.RELEASE.jar:/home/spayker/.m2/repository/org/springframework/cloud/spring-cloud-netflix-hystrix/2.1.4.RELEASE/spring-cloud-netflix-hystrix-2.1.4.RELEASE.jar:/home/spayker/.m2/repository/org/springframework/cloud/spring-cloud-netflix-eureka-client/2.1.4.RELEASE/spring-cloud-netflix-eureka-client-2.1.4.RELEASE.jar:/home/spayker/.m2/repository/com/netflix/eureka/eureka-client/1.9.13/eureka-client-1.9.13.jar:/home/spayker/.m2/repository/org/codehaus/jettison/jettison/1.3.7/jettison-1.3.7.jar:/home/spayker/.m2/repository/stax/stax-api/1.0.1/stax-api-1.0.1.jar:/home/spayker/.m2/repository/com/netflix/netflix-commons/netflix-eventbus/0.3.0/netflix-eventbus-0.3.0.jar:/home/spayker/.m2/repository/com/netflix/netflix-commons/netflix-infix/0.3.0/netflix-infix-0.3.0.jar:/home/spayker/.m2/repository/commons-jxpath/commons-jxpath/1.3/commons-jxpath-1.3.jar:/home/spayker/.m2/repository/joda-time/joda-time/2.10.1/joda-time-2.10.1.jar:/home/spayker/.m2/repository/org/antlr/antlr-runtime/3.4/antlr-runtime-3.4.jar:/home/spayker/.m2/repository/org/antlr/stringtemplate/3.2.1/stringtemplate-3.2.1.jar:/home/spayker/.m2/repository/antlr/antlr/2.7.7/antlr-2.7.7.jar:/home/spayker/.m2/repository/com/google/code/gson/gson/2.8.5/gson-2.8.5.jar:/home/spayker/.m2/repository/org/apache/commons/commons-math/2.2/commons-math-2.2.jar:/home/spayker/.m2/repository/javax/ws/rs/jsr311-api/1.1.1/jsr311-api-1.1.1.jar:/home/spayker/.m2/repository/com/netflix/servo/servo-core/0.12.21/servo-core-0.12.21.jar:/home/spayker/.m2/repository/com/sun/jersey/jersey-core/1.19.1/jersey-core-1.19.1.jar:/home/spayker/.m2/repository/com/sun/jersey/jersey-client/1.19.1/jersey-client-1.19.1.jar:/home/spayker/.m2/repository/com/sun/jersey/contribs/jersey-apache-client4/1.19.1/jersey-apache-client4-1.19.1.jar:/home/spayker/.m2/repository/org/apache/httpcomponents/httpclient/4.5.8/httpclient-4.5.8.jar:/home/spayker/.m2/repository/org/apache/httpcomponents/httpcore/4.4.11/httpcore-4.4.11.jar:/home/spayker/.m2/repository/com/google/inject/guice/4.1.0/guice-4.1.0.jar:/home/spayker/.m2/repository/javax/inject/javax.inject/1/javax.inject-1.jar:/home/spayker/.m2/repository/aopalliance/aopalliance/1.0/aopalliance-1.0.jar:/home/spayker/.m2/repository/com/netflix/eureka/eureka-core/1.9.13/eureka-core-1.9.13.jar:/home/spayker/.m2/repository/com/fasterxml/woodstox/woodstox-core/5.2.1/woodstox-core-5.2.1.jar:/home/spayker/.m2/repository/org/codehaus/woodstox/stax2-api/4.2/stax2-api-4.2.jar:/home/spayker/.m2/repository/org/springframework/cloud/spring-cloud-starter-netflix-archaius/2.1.4.RELEASE/spring-cloud-starter-netflix-archaius-2.1.4.RELEASE.jar:/home/spayker/.m2/repository/org/springframework/cloud/spring-cloud-netflix-archaius/2.1.4.RELEASE/spring-cloud-netflix-archaius-2.1.4.RELEASE.jar:/home/spayker/.m2/repository/commons-configuration/commons-configuration/1.8/commons-configuration-1.8.jar:/home/spayker/.m2/repository/commons-lang/commons-lang/2.6/commons-lang-2.6.jar:/home/spayker/.m2/repository/org/springframework/cloud/spring-cloud-starter-netflix-ribbon/2.1.4.RELEASE/spring-cloud-starter-netflix-ribbon-2.1.4.RELEASE.jar:/home/spayker/.m2/repository/com/netflix/ribbon/ribbon/2.3.0/ribbon-2.3.0.jar:/home/spayker/.m2/repository/com/netflix/ribbon/ribbon-transport/2.3.0/ribbon-transport-2.3.0.jar:/home/spayker/.m2/repository/io/reactivex/rxnetty-contexts/0.4.9/rxnetty-contexts-0.4.9.jar:/home/spayker/.m2/repository/io/reactivex/rxnetty-servo/0.4.9/rxnetty-servo-0.4.9.jar:/home/spayker/.m2/repository/io/reactivex/rxnetty/0.4.9/rxnetty-0.4.9.jar:/home/spayker/.m2/repository/com/netflix/ribbon/ribbon-core/2.3.0/ribbon-core-2.3.0.jar:/home/spayker/.m2/repository/com/netflix/ribbon/ribbon-httpclient/2.3.0/ribbon-httpclient-2.3.0.jar:/home/spayker/.m2/repository/commons-collections/commons-collections/3.2.2/commons-collections-3.2.2.jar:/home/spayker/.m2/repository/com/netflix/netflix-commons/netflix-commons-util/0.3.0/netflix-commons-util-0.3.0.jar:/home/spayker/.m2/repository/com/netflix/ribbon/ribbon-loadbalancer/2.3.0/ribbon-loadbalancer-2.3.0.jar:/home/spayker/.m2/repository/com/netflix/netflix-commons/netflix-statistics/0.1.1/netflix-statistics-0.1.1.jar:/home/spayker/.m2/repository/io/reactivex/rxjava/1.3.8/rxjava-1.3.8.jar:/home/spayker/.m2/repository/com/netflix/ribbon/ribbon-eureka/2.3.0/ribbon-eureka-2.3.0.jar:/home/spayker/.m2/repository/com/thoughtworks/xstream/xstream/1.4.11.1/xstream-1.4.11.1.jar:/home/spayker/.m2/repository/xmlpull/xmlpull/1.1.3.1/xmlpull-1.1.3.1.jar:/home/spayker/.m2/repository/xpp3/xpp3_min/1.1.4c/xpp3_min-1.1.4c.jar:/home/spayker/.m2/repository/org/springframework/cloud/spring-cloud-starter-sleuth/2.1.6.RELEASE/spring-cloud-starter-sleuth-2.1.6.RELEASE.jar:/home/spayker/.m2/repository/org/springframework/boot/spring-boot-starter-aop/2.1.4.RELEASE/spring-boot-starter-aop-2.1.4.RELEASE.jar:/home/spayker/.m2/repository/org/aspectj/aspectjweaver/1.9.2/aspectjweaver-1.9.2.jar:/home/spayker/.m2/repository/org/springframework/cloud/spring-cloud-sleuth-core/2.1.6.RELEASE/spring-cloud-sleuth-core-2.1.6.RELEASE.jar:/home/spayker/.m2/repository/org/aspectj/aspectjrt/1.9.2/aspectjrt-1.9.2.jar:/home/spayker/.m2/repository/io/zipkin/brave/brave/5.8.0/brave-5.8.0.jar:/home/spayker/.m2/repository/io/zipkin/zipkin2/zipkin/2.17.0/zipkin-2.17.0.jar:/home/spayker/.m2/repository/io/zipkin/reporter2/zipkin-reporter/2.10.3/zipkin-reporter-2.10.3.jar:/home/spayker/.m2/repository/io/zipkin/brave/brave-context-log4j2/5.8.0/brave-context-log4j2-5.8.0.jar:/home/spayker/.m2/repository/io/zipkin/brave/brave-instrumentation-rpc/5.8.0/brave-instrumentation-rpc-5.8.0.jar:/home/spayker/.m2/repository/io/zipkin/brave/brave-instrumentation-spring-web/5.8.0/brave-instrumentation-spring-web-5.8.0.jar:/home/spayker/.m2/repository/io/zipkin/brave/brave-instrumentation-http/5.8.0/brave-instrumentation-http-5.8.0.jar:/home/spayker/.m2/repository/io/zipkin/brave/brave-instrumentation-spring-rabbit/5.8.0/brave-instrumentation-spring-rabbit-5.8.0.jar:/home/spayker/.m2/repository/io/zipkin/brave/brave-instrumentation-kafka-clients/5.8.0/brave-instrumentation-kafka-clients-5.8.0.jar:/home/spayker/.m2/repository/io/zipkin/brave/brave-instrumentation-httpclient/5.8.0/brave-instrumentation-httpclient-5.8.0.jar:/home/spayker/.m2/repository/io/zipkin/brave/brave-instrumentation-httpasyncclient/5.8.0/brave-instrumentation-httpasyncclient-5.8.0.jar:/home/spayker/.m2/repository/io/zipkin/brave/brave-instrumentation-spring-webmvc/5.8.0/brave-instrumentation-spring-webmvc-5.8.0.jar:/home/spayker/.m2/repository/io/zipkin/brave/brave-instrumentation-servlet/5.8.0/brave-instrumentation-servlet-5.8.0.jar:/home/spayker/.m2/repository/io/zipkin/brave/brave-instrumentation-jms/5.8.0/brave-instrumentation-jms-5.8.0.jar:/home/spayker/.m2/repository/org/springframework/boot/spring-boot-starter-data-mongodb/2.1.4.RELEASE/spring-boot-starter-data-mongodb-2.1.4.RELEASE.jar:/home/spayker/.m2/repository/org/mongodb/mongodb-driver/3.8.2/mongodb-driver-3.8.2.jar:/home/spayker/.m2/repository/org/mongodb/bson/3.8.2/bson-3.8.2.jar:/home/spayker/.m2/repository/org/mongodb/mongodb-driver-core/3.8.2/mongodb-driver-core-3.8.2.jar:/home/spayker/.m2/repository/org/springframework/data/spring-data-mongodb/2.1.6.RELEASE/spring-data-mongodb-2.1.6.RELEASE.jar:/home/spayker/.m2/repository/org/springframework/spring-tx/5.1.6.RELEASE/spring-tx-5.1.6.RELEASE.jar:/home/spayker/.m2/repository/org/springframework/data/spring-data-commons/2.1.6.RELEASE/spring-data-commons-2.1.6.RELEASE.jar:/home/spayker/.m2/repository/org/springframework/boot/spring-boot-starter-actuator/2.1.4.RELEASE/spring-boot-starter-actuator-2.1.4.RELEASE.jar:/home/spayker/.m2/repository/org/springframework/boot/spring-boot-actuator-autoconfigure/2.1.4.RELEASE/spring-boot-actuator-autoconfigure-2.1.4.RELEASE.jar:/home/spayker/.m2/repository/org/springframework/boot/spring-boot-actuator/2.1.4.RELEASE/spring-boot-actuator-2.1.4.RELEASE.jar:/home/spayker/.m2/repository/io/micrometer/micrometer-core/1.1.4/micrometer-core-1.1.4.jar:/home/spayker/.m2/repository/org/hdrhistogram/HdrHistogram/2.1.9/HdrHistogram-2.1.9.jar:/home/spayker/.m2/repository/org/latencyutils/LatencyUtils/2.0.3/LatencyUtils-2.0.3.jar:/home/spayker/.m2/repository/org/springframework/cloud/spring-cloud-starter-bus-amqp/2.1.4.RELEASE/spring-cloud-starter-bus-amqp-2.1.4.RELEASE.jar:/home/spayker/.m2/repository/org/springframework/cloud/spring-cloud-starter-stream-rabbit/2.1.4.RELEASE/spring-cloud-starter-stream-rabbit-2.1.4.RELEASE.jar:/home/spayker/.m2/repository/org/springframework/cloud/spring-cloud-stream-binder-rabbit/2.1.4.RELEASE/spring-cloud-stream-binder-rabbit-2.1.4.RELEASE.jar:/home/spayker/.m2/repository/org/springframework/cloud/spring-cloud-stream-binder-rabbit-core/2.1.4.RELEASE/spring-cloud-stream-binder-rabbit-core-2.1.4.RELEASE.jar:/home/spayker/.m2/repository/com/rabbitmq/http-client/2.1.0.RELEASE/http-client-2.1.0.RELEASE.jar:/home/spayker/.m2/repository/org/springframework/boot/spring-boot-starter-amqp/2.1.4.RELEASE/spring-boot-starter-amqp-2.1.4.RELEASE.jar:/home/spayker/.m2/repository/org/springframework/amqp/spring-rabbit/2.1.5.RELEASE/spring-rabbit-2.1.5.RELEASE.jar:/home/spayker/.m2/repository/org/springframework/amqp/spring-amqp/2.1.5.RELEASE/spring-amqp-2.1.5.RELEASE.jar:/home/spayker/.m2/repository/com/rabbitmq/amqp-client/5.4.3/amqp-client-5.4.3.jar:/home/spayker/.m2/repository/org/springframework/integration/spring-integration-amqp/5.1.4.RELEASE/spring-integration-amqp-5.1.4.RELEASE.jar:/home/spayker/.m2/repository/org/springframework/cloud/spring-cloud-bus/2.1.4.RELEASE/spring-cloud-bus-2.1.4.RELEASE.jar:/home/spayker/.m2/repository/org/springframework/integration/spring-integration-core/5.1.4.RELEASE/spring-integration-core-5.1.4.RELEASE.jar:/home/spayker/.m2/repository/io/projectreactor/reactor-core/3.2.8.RELEASE/reactor-core-3.2.8.RELEASE.jar:/home/spayker/.m2/repository/org/springframework/cloud/spring-cloud-starter-netflix-hystrix/2.1.4.RELEASE/spring-cloud-starter-netflix-hystrix-2.1.4.RELEASE.jar:/home/spayker/.m2/repository/org/springframework/cloud/spring-cloud-netflix-ribbon/2.1.4.RELEASE/spring-cloud-netflix-ribbon-2.1.4.RELEASE.jar:/home/spayker/.m2/repository/com/netflix/hystrix/hystrix-core/1.5.18/hystrix-core-1.5.18.jar:/home/spayker/.m2/repository/com/netflix/hystrix/hystrix-serialization/1.5.18/hystrix-serialization-1.5.18.jar:/home/spayker/.m2/repository/com/fasterxml/jackson/module/jackson-module-afterburner/2.9.8/jackson-module-afterburner-2.9.8.jar:/home/spayker/.m2/repository/com/netflix/hystrix/hystrix-metrics-event-stream/1.5.18/hystrix-metrics-event-stream-1.5.18.jar:/home/spayker/.m2/repository/com/netflix/hystrix/hystrix-javanica/1.5.18/hystrix-javanica-1.5.18.jar:/home/spayker/.m2/repository/org/apache/commons/commons-lang3/3.8.1/commons-lang3-3.8.1.jar:/home/spayker/.m2/repository/org/ow2/asm/asm/5.0.4/asm-5.0.4.jar:/home/spayker/.m2/repository/com/google/guava/guava/15.0/guava-15.0.jar:/home/spayker/.m2/repository/io/reactivex/rxjava-reactive-streams/1.2.1/rxjava-reactive-streams-1.2.1.jar:/home/spayker/.m2/repository/org/reactivestreams/reactive-streams/1.0.2/reactive-streams-1.0.2.jar:/home/spayker/.m2/repository/org/springframework/cloud/spring-cloud-netflix-hystrix-stream/2.1.4.RELEASE/spring-cloud-netflix-hystrix-stream-2.1.4.RELEASE.jar:/home/spayker/.m2/repository/org/springframework/boot/spring-boot-starter-logging/2.1.4.RELEASE/spring-boot-starter-logging-2.1.4.RELEASE.jar:/home/spayker/.m2/repository/ch/qos/logback/logback-classic/1.2.3/logback-classic-1.2.3.jar:/home/spayker/.m2/repository/ch/qos/logback/logback-core/1.2.3/logback-core-1.2.3.jar:/home/spayker/.m2/repository/org/apache/logging/log4j/log4j-to-slf4j/2.11.2/log4j-to-slf4j-2.11.2.jar:/home/spayker/.m2/repository/org/apache/logging/log4j/log4j-api/2.11.2/log4j-api-2.11.2.jar:/home/spayker/.m2/repository/org/slf4j/jul-to-slf4j/1.7.26/jul-to-slf4j-1.7.26.jar:/home/spayker/.m2/repository/org/springframework/cloud/spring-cloud-stream/2.1.4.RELEASE/spring-cloud-stream-2.1.4.RELEASE.jar:/home/spayker/.m2/repository/org/springframework/boot/spring-boot-starter-validation/2.1.4.RELEASE/spring-boot-starter-validation-2.1.4.RELEASE.jar:/home/spayker/.m2/repository/org/springframework/spring-messaging/5.1.6.RELEASE/spring-messaging-5.1.6.RELEASE.jar:/home/spayker/.m2/repository/org/springframework/integration/spring-integration-jmx/5.1.4.RELEASE/spring-integration-jmx-5.1.4.RELEASE.jar:/home/spayker/.m2/repository/org/springframework/spring-tuple/1.0.0.RELEASE/spring-tuple-1.0.0.RELEASE.jar:/home/spayker/.m2/repository/com/esotericsoftware/kryo-shaded/3.0.3/kryo-shaded-3.0.3.jar:/home/spayker/.m2/repository/com/esotericsoftware/minlog/1.3.0/minlog-1.3.0.jar:/home/spayker/.m2/repository/org/springframework/integration/spring-integration-tuple/1.0.0.RELEASE/spring-integration-tuple-1.0.0.RELEASE.jar:/home/spayker/.m2/repository/org/springframework/retry/spring-retry/1.2.4.RELEASE/spring-retry-1.2.4.RELEASE.jar:/home/spayker/.m2/repository/org/springframework/cloud/spring-cloud-function-context/2.0.2.RELEASE/spring-cloud-function-context-2.0.2.RELEASE.jar:/home/spayker/.m2/repository/org/springframework/cloud/spring-cloud-function-core/2.0.2.RELEASE/spring-cloud-function-core-2.0.2.RELEASE.jar:/home/spayker/.m2/repository/org/springframework/boot/spring-boot-starter-test/2.1.4.RELEASE/spring-boot-starter-test-2.1.4.RELEASE.jar:/home/spayker/.m2/repository/org/springframework/boot/spring-boot-test/2.1.4.RELEASE/spring-boot-test-2.1.4.RELEASE.jar:/home/spayker/.m2/repository/org/springframework/boot/spring-boot-test-autoconfigure/2.1.4.RELEASE/spring-boot-test-autoconfigure-2.1.4.RELEASE.jar:/home/spayker/.m2/repository/junit/junit/4.12/junit-4.12.jar:/home/spayker/.m2/repository/org/assertj/assertj-core/3.11.1/assertj-core-3.11.1.jar:/home/spayker/.m2/repository/org/mockito/mockito-core/2.23.4/mockito-core-2.23.4.jar:/home/spayker/.m2/repository/net/bytebuddy/byte-buddy/1.9.12/byte-buddy-1.9.12.jar:/home/spayker/.m2/repository/net/bytebuddy/byte-buddy-agent/1.9.12/byte-buddy-agent-1.9.12.jar:/home/spayker/.m2/repository/org/objenesis/objenesis/2.6/objenesis-2.6.jar:/home/spayker/.m2/repository/org/hamcrest/hamcrest-core/1.3/hamcrest-core-1.3.jar:/home/spayker/.m2/repository/org/hamcrest/hamcrest-library/1.3/hamcrest-library-1.3.jar:/home/spayker/.m2/repository/org/skyscreamer/jsonassert/1.5.0/jsonassert-1.5.0.jar:/home/spayker/.m2/repository/com/vaadin/external/google/android-json/0.0.20131108.vaadin1/android-json-0.0.20131108.vaadin1.jar:/home/spayker/.m2/repository/org/springframework/spring-core/5.1.6.RELEASE/spring-core-5.1.6.RELEASE.jar:/home/spayker/.m2/repository/org/springframework/spring-jcl/5.1.6.RELEASE/spring-jcl-5.1.6.RELEASE.jar:/home/spayker/.m2/repository/org/springframework/spring-test/5.1.6.RELEASE/spring-test-5.1.6.RELEASE.jar:/home/spayker/.m2/repository/org/xmlunit/xmlunit-core/2.6.2/xmlunit-core-2.6.2.jar:/home/spayker/.m2/repository/de/flapdoodle/embed/de.flapdoodle.embed.mongo/2.2.0/de.flapdoodle.embed.mongo-2.2.0.jar:/home/spayker/.m2/repository/de/flapdoodle/embed/de.flapdoodle.embed.process/2.1.2/de.flapdoodle.embed.process-2.1.2.jar:/home/spayker/.m2/repository/net/java/dev/jna/jna/4.5.2/jna-4.5.2.jar:/home/spayker/.m2/repository/net/java/dev/jna/jna-platform/4.5.2/jna-platform-4.5.2.jar:/home/spayker/.m2/repository/org/apache/commons/commons-compress/1.18/commons-compress-1.18.jar:/home/spayker/.m2/repository/com/jayway/jsonpath/json-path/2.2.0/json-path-2.2.0.jar:/home/spayker/.m2/repository/net/minidev/json-smart/2.2.1/json-smart-2.2.1.jar:/home/spayker/.m2/repository/net/minidev/accessors-smart/1.1/accessors-smart-1.1.jar:/home/spayker/.m2/repository/org/slf4j/slf4j-api/1.7.26/slf4j-api-1.7.26.jar:"/>
    <property name="java.vm.vendor" value="Oracle Corporation"/>
    <property name="sun.arch.data.model" value="64"/>
    <property name="java.vendor.url" value="http://java.oracle.com/"/>
    <property name="user.timezone" value=""/>
    <property name="java.vm.specification.version" value="11"/>
    <property name="os.name" value="Linux"/>
    <property name="sun.java.launcher" value="SUN_STANDARD"/>
    <property name="user.country" value="US"/>
    <property name="sun.boot.library.path" value="/home/spayker/sdk/jdk-11/lib"/>
    <property name="sun.java.command" value="/home/spayker/projects/sbp_server/sbp_server/device-service/target/surefire/surefirebooter5494628294193511800.jar /home/spayker/projects/sbp_server/sbp_server/device-service/target/surefire 2019-12-28T22-41-41_251-jvmRun1 surefire18037681599317481019tmp surefire_19608227363071875047tmp"/>
    <property name="jdk.debug" value="release"/>
    <property name="surefire.test.class.path" value="/home/spayker/projects/sbp_server/sbp_server/device-service/target/test-classes:/home/spayker/projects/sbp_server/sbp_server/device-service/target/classes:/home/spayker/.m2/repository/org/springframework/cloud/spring-cloud-starter-oauth2/2.1.5.RELEASE/spring-cloud-starter-oauth2-2.1.5.RELEASE.jar:/home/spayker/.m2/repository/org/springframework/cloud/spring-cloud-starter-security/2.1.5.RELEASE/spring-cloud-starter-security-2.1.5.RELEASE.jar:/home/spayker/.m2/repository/org/springframework/cloud/spring-cloud-security/2.1.5.RELEASE/spring-cloud-security-2.1.5.RELEASE.jar:/home/spayker/.m2/repository/org/springframework/security/oauth/boot/spring-security-oauth2-autoconfigure/2.1.2.RELEASE/spring-security-oauth2-autoconfigure-2.1.2.RELEASE.jar:/home/spayker/.m2/repository/com/fasterxml/jackson/core/jackson-annotations/2.9.0/jackson-annotations-2.9.0.jar:/home/spayker/.m2/repository/com/sun/xml/bind/jaxb-core/2.3.0.1/jaxb-core-2.3.0.1.jar:/home/spayker/.m2/repository/com/sun/xml/bind/jaxb-impl/2.3.0.1/jaxb-impl-2.3.0.1.jar:/home/spayker/.m2/repository/org/springframework/boot/spring-boot/2.1.4.RELEASE/spring-boot-2.1.4.RELEASE.jar:/home/spayker/.m2/repository/org/springframework/boot/spring-boot-autoconfigure/2.1.4.RELEASE/spring-boot-autoconfigure-2.1.4.RELEASE.jar:/home/spayker/.m2/repository/org/springframework/security/oauth/spring-security-oauth2/2.3.4.RELEASE/spring-security-oauth2-2.3.4.RELEASE.jar:/home/spayker/.m2/repository/commons-codec/commons-codec/1.11/commons-codec-1.11.jar:/home/spayker/.m2/repository/org/codehaus/jackson/jackson-mapper-asl/1.9.13/jackson-mapper-asl-1.9.13.jar:/home/spayker/.m2/repository/org/codehaus/jackson/jackson-core-asl/1.9.13/jackson-core-asl-1.9.13.jar:/home/spayker/.m2/repository/org/springframework/security/spring-security-jwt/1.0.9.RELEASE/spring-security-jwt-1.0.9.RELEASE.jar:/home/spayker/.m2/repository/org/bouncycastle/bcpkix-jdk15on/1.56/bcpkix-jdk15on-1.56.jar:/home/spayker/.m2/repository/org/bouncycastle/bcprov-jdk15on/1.56/bcprov-jdk15on-1.56.jar:/home/spayker/.m2/repository/javax/activation/javax.activation-api/1.2.0/javax.activation-api-1.2.0.jar:/home/spayker/.m2/repository/javax/xml/bind/jaxb-api/2.3.1/jaxb-api-2.3.1.jar:/home/spayker/.m2/repository/org/springframework/boot/spring-boot-starter-security/2.1.4.RELEASE/spring-boot-starter-security-2.1.4.RELEASE.jar:/home/spayker/.m2/repository/org/springframework/boot/spring-boot-starter/2.1.4.RELEASE/spring-boot-starter-2.1.4.RELEASE.jar:/home/spayker/.m2/repository/javax/annotation/javax.annotation-api/1.3.2/javax.annotation-api-1.3.2.jar:/home/spayker/.m2/repository/org/yaml/snakeyaml/1.23/snakeyaml-1.23.jar:/home/spayker/.m2/repository/org/springframework/spring-aop/5.1.6.RELEASE/spring-aop-5.1.6.RELEASE.jar:/home/spayker/.m2/repository/org/springframework/spring-beans/5.1.6.RELEASE/spring-beans-5.1.6.RELEASE.jar:/home/spayker/.m2/repository/org/springframework/security/spring-security-config/5.1.5.RELEASE/spring-security-config-5.1.5.RELEASE.jar:/home/spayker/.m2/repository/org/springframework/security/spring-security-core/5.1.5.RELEASE/spring-security-core-5.1.5.RELEASE.jar:/home/spayker/.m2/repository/org/springframework/spring-context/5.1.6.RELEASE/spring-context-5.1.6.RELEASE.jar:/home/spayker/.m2/repository/org/springframework/security/spring-security-web/5.1.5.RELEASE/spring-security-web-5.1.5.RELEASE.jar:/home/spayker/.m2/repository/org/springframework/spring-expression/5.1.6.RELEASE/spring-expression-5.1.6.RELEASE.jar:/home/spayker/.m2/repository/org/springframework/cloud/spring-cloud-starter-config/2.1.5.RELEASE/spring-cloud-starter-config-2.1.5.RELEASE.jar:/home/spayker/.m2/repository/org/springframework/cloud/spring-cloud-starter/2.1.4.RELEASE/spring-cloud-starter-2.1.4.RELEASE.jar:/home/spayker/.m2/repository/org/springframework/cloud/spring-cloud-context/2.1.4.RELEASE/spring-cloud-context-2.1.4.RELEASE.jar:/home/spayker/.m2/repository/org/springframework/security/spring-security-rsa/1.0.7.RELEASE/spring-security-rsa-1.0.7.RELEASE.jar:/home/spayker/.m2/repository/org/springframework/cloud/spring-cloud-config-client/2.1.5.RELEASE/spring-cloud-config-client-2.1.5.RELEASE.jar:/home/spayker/.m2/repository/com/fasterxml/jackson/core/jackson-databind/2.9.8/jackson-databind-2.9.8.jar:/home/spayker/.m2/repository/com/fasterxml/jackson/core/jackson-core/2.9.8/jackson-core-2.9.8.jar:/home/spayker/.m2/repository/org/springframework/boot/spring-boot-starter-web/2.1.4.RELEASE/spring-boot-starter-web-2.1.4.RELEASE.jar:/home/spayker/.m2/repository/org/springframework/boot/spring-boot-starter-json/2.1.4.RELEASE/spring-boot-starter-json-2.1.4.RELEASE.jar:/home/spayker/.m2/repository/com/fasterxml/jackson/datatype/jackson-datatype-jdk8/2.9.8/jackson-datatype-jdk8-2.9.8.jar:/home/spayker/.m2/repository/com/fasterxml/jackson/datatype/jackson-datatype-jsr310/2.9.8/jackson-datatype-jsr310-2.9.8.jar:/home/spayker/.m2/repository/com/fasterxml/jackson/module/jackson-module-parameter-names/2.9.8/jackson-module-parameter-names-2.9.8.jar:/home/spayker/.m2/repository/org/springframework/boot/spring-boot-starter-tomcat/2.1.4.RELEASE/spring-boot-starter-tomcat-2.1.4.RELEASE.jar:/home/spayker/.m2/repository/org/apache/tomcat/embed/tomcat-embed-core/9.0.17/tomcat-embed-core-9.0.17.jar:/home/spayker/.m2/repository/org/apache/tomcat/embed/tomcat-embed-el/9.0.17/tomcat-embed-el-9.0.17.jar:/home/spayker/.m2/repository/org/apache/tomcat/embed/tomcat-embed-websocket/9.0.17/tomcat-embed-websocket-9.0.17.jar:/home/spayker/.m2/repository/org/hibernate/validator/hibernate-validator/6.0.16.Final/hibernate-validator-6.0.16.Final.jar:/home/spayker/.m2/repository/javax/validation/validation-api/2.0.1.Final/validation-api-2.0.1.Final.jar:/home/spayker/.m2/repository/org/jboss/logging/jboss-logging/3.3.2.Final/jboss-logging-3.3.2.Final.jar:/home/spayker/.m2/repository/com/fasterxml/classmate/1.4.0/classmate-1.4.0.jar:/home/spayker/.m2/repository/org/springframework/spring-web/5.1.6.RELEASE/spring-web-5.1.6.RELEASE.jar:/home/spayker/.m2/repository/org/springframework/spring-webmvc/5.1.6.RELEASE/spring-webmvc-5.1.6.RELEASE.jar:/home/spayker/.m2/repository/org/springframework/cloud/spring-cloud-starter-openfeign/2.1.4.RELEASE/spring-cloud-starter-openfeign-2.1.4.RELEASE.jar:/home/spayker/.m2/repository/org/springframework/cloud/spring-cloud-openfeign-core/2.1.4.RELEASE/spring-cloud-openfeign-core-2.1.4.RELEASE.jar:/home/spayker/.m2/repository/io/github/openfeign/form/feign-form-spring/3.8.0/feign-form-spring-3.8.0.jar:/home/spayker/.m2/repository/io/github/openfeign/form/feign-form/3.8.0/feign-form-3.8.0.jar:/home/spayker/.m2/repository/commons-fileupload/commons-fileupload/1.4/commons-fileupload-1.4.jar:/home/spayker/.m2/repository/commons-io/commons-io/2.2/commons-io-2.2.jar:/home/spayker/.m2/repository/org/springframework/cloud/spring-cloud-commons/2.1.4.RELEASE/spring-cloud-commons-2.1.4.RELEASE.jar:/home/spayker/.m2/repository/org/springframework/security/spring-security-crypto/5.1.5.RELEASE/spring-security-crypto-5.1.5.RELEASE.jar:/home/spayker/.m2/repository/io/github/openfeign/feign-core/10.4.0/feign-core-10.4.0.jar:/home/spayker/.m2/repository/io/github/openfeign/feign-slf4j/10.4.0/feign-slf4j-10.4.0.jar:/home/spayker/.m2/repository/io/github/openfeign/feign-hystrix/10.4.0/feign-hystrix-10.4.0.jar:/home/spayker/.m2/repository/com/netflix/archaius/archaius-core/0.7.6/archaius-core-0.7.6.jar:/home/spayker/.m2/repository/com/google/code/findbugs/jsr305/3.0.1/jsr305-3.0.1.jar:/home/spayker/.m2/repository/org/springframework/cloud/spring-cloud-starter-netflix-eureka-client/2.1.4.RELEASE/spring-cloud-starter-netflix-eureka-client-2.1.4.RELEASE.jar:/home/spayker/.m2/repository/org/springframework/cloud/spring-cloud-netflix-hystrix/2.1.4.RELEASE/spring-cloud-netflix-hystrix-2.1.4.RELEASE.jar:/home/spayker/.m2/repository/org/springframework/cloud/spring-cloud-netflix-eureka-client/2.1.4.RELEASE/spring-cloud-netflix-eureka-client-2.1.4.RELEASE.jar:/home/spayker/.m2/repository/com/netflix/eureka/eureka-client/1.9.13/eureka-client-1.9.13.jar:/home/spayker/.m2/repository/org/codehaus/jettison/jettison/1.3.7/jettison-1.3.7.jar:/home/spayker/.m2/repository/stax/stax-api/1.0.1/stax-api-1.0.1.jar:/home/spayker/.m2/repository/com/netflix/netflix-commons/netflix-eventbus/0.3.0/netflix-eventbus-0.3.0.jar:/home/spayker/.m2/repository/com/netflix/netflix-commons/netflix-infix/0.3.0/netflix-infix-0.3.0.jar:/home/spayker/.m2/repository/commons-jxpath/commons-jxpath/1.3/commons-jxpath-1.3.jar:/home/spayker/.m2/repository/joda-time/joda-time/2.10.1/joda-time-2.10.1.jar:/home/spayker/.m2/repository/org/antlr/antlr-runtime/3.4/antlr-runtime-3.4.jar:/home/spayker/.m2/repository/org/antlr/stringtemplate/3.2.1/stringtemplate-3.2.1.jar:/home/spayker/.m2/repository/antlr/antlr/2.7.7/antlr-2.7.7.jar:/home/spayker/.m2/repository/com/google/code/gson/gson/2.8.5/gson-2.8.5.jar:/home/spayker/.m2/repository/org/apache/commons/commons-math/2.2/commons-math-2.2.jar:/home/spayker/.m2/repository/javax/ws/rs/jsr311-api/1.1.1/jsr311-api-1.1.1.jar:/home/spayker/.m2/repository/com/netflix/servo/servo-core/0.12.21/servo-core-0.12.21.jar:/home/spayker/.m2/repository/com/sun/jersey/jersey-core/1.19.1/jersey-core-1.19.1.jar:/home/spayker/.m2/repository/com/sun/jersey/jersey-client/1.19.1/jersey-client-1.19.1.jar:/home/spayker/.m2/repository/com/sun/jersey/contribs/jersey-apache-client4/1.19.1/jersey-apache-client4-1.19.1.jar:/home/spayker/.m2/repository/org/apache/httpcomponents/httpclient/4.5.8/httpclient-4.5.8.jar:/home/spayker/.m2/repository/org/apache/httpcomponents/httpcore/4.4.11/httpcore-4.4.11.jar:/home/spayker/.m2/repository/com/google/inject/guice/4.1.0/guice-4.1.0.jar:/home/spayker/.m2/repository/javax/inject/javax.inject/1/javax.inject-1.jar:/home/spayker/.m2/repository/aopalliance/aopalliance/1.0/aopalliance-1.0.jar:/home/spayker/.m2/repository/com/netflix/eureka/eureka-core/1.9.13/eureka-core-1.9.13.jar:/home/spayker/.m2/repository/com/fasterxml/woodstox/woodstox-core/5.2.1/woodstox-core-5.2.1.jar:/home/spayker/.m2/repository/org/codehaus/woodstox/stax2-api/4.2/stax2-api-4.2.jar:/home/spayker/.m2/repository/org/springframework/cloud/spring-cloud-starter-netflix-archaius/2.1.4.RELEASE/spring-cloud-starter-netflix-archaius-2.1.4.RELEASE.jar:/home/spayker/.m2/repository/org/springframework/cloud/spring-cloud-netflix-archaius/2.1.4.RELEASE/spring-cloud-netflix-archaius-2.1.4.RELEASE.jar:/home/spayker/.m2/repository/commons-configuration/commons-configuration/1.8/commons-configuration-1.8.jar:/home/spayker/.m2/repository/commons-lang/commons-lang/2.6/commons-lang-2.6.jar:/home/spayker/.m2/repository/org/springframework/cloud/spring-cloud-starter-netflix-ribbon/2.1.4.RELEASE/spring-cloud-starter-netflix-ribbon-2.1.4.RELEASE.jar:/home/spayker/.m2/repository/com/netflix/ribbon/ribbon/2.3.0/ribbon-2.3.0.jar:/home/spayker/.m2/repository/com/netflix/ribbon/ribbon-transport/2.3.0/ribbon-transport-2.3.0.jar:/home/spayker/.m2/repository/io/reactivex/rxnetty-contexts/0.4.9/rxnetty-contexts-0.4.9.jar:/home/spayker/.m2/repository/io/reactivex/rxnetty-servo/0.4.9/rxnetty-servo-0.4.9.jar:/home/spayker/.m2/repository/io/reactivex/rxnetty/0.4.9/rxnetty-0.4.9.jar:/home/spayker/.m2/repository/com/netflix/ribbon/ribbon-core/2.3.0/ribbon-core-2.3.0.jar:/home/spayker/.m2/repository/com/netflix/ribbon/ribbon-httpclient/2.3.0/ribbon-httpclient-2.3.0.jar:/home/spayker/.m2/repository/commons-collections/commons-collections/3.2.2/commons-collections-3.2.2.jar:/home/spayker/.m2/repository/com/netflix/netflix-commons/netflix-commons-util/0.3.0/netflix-commons-util-0.3.0.jar:/home/spayker/.m2/repository/com/netflix/ribbon/ribbon-loadbalancer/2.3.0/ribbon-loadbalancer-2.3.0.jar:/home/spayker/.m2/repository/com/netflix/netflix-commons/netflix-statistics/0.1.1/netflix-statistics-0.1.1.jar:/home/spayker/.m2/repository/io/reactivex/rxjava/1.3.8/rxjava-1.3.8.jar:/home/spayker/.m2/repository/com/netflix/ribbon/ribbon-eureka/2.3.0/ribbon-eureka-2.3.0.jar:/home/spayker/.m2/repository/com/thoughtworks/xstream/xstream/1.4.11.1/xstream-1.4.11.1.jar:/home/spayker/.m2/repository/xmlpull/xmlpull/1.1.3.1/xmlpull-1.1.3.1.jar:/home/spayker/.m2/repository/xpp3/xpp3_min/1.1.4c/xpp3_min-1.1.4c.jar:/home/spayker/.m2/repository/org/springframework/cloud/spring-cloud-starter-sleuth/2.1.6.RELEASE/spring-cloud-starter-sleuth-2.1.6.RELEASE.jar:/home/spayker/.m2/repository/org/springframework/boot/spring-boot-starter-aop/2.1.4.RELEASE/spring-boot-starter-aop-2.1.4.RELEASE.jar:/home/spayker/.m2/repository/org/aspectj/aspectjweaver/1.9.2/aspectjweaver-1.9.2.jar:/home/spayker/.m2/repository/org/springframework/cloud/spring-cloud-sleuth-core/2.1.6.RELEASE/spring-cloud-sleuth-core-2.1.6.RELEASE.jar:/home/spayker/.m2/repository/org/aspectj/aspectjrt/1.9.2/aspectjrt-1.9.2.jar:/home/spayker/.m2/repository/io/zipkin/brave/brave/5.8.0/brave-5.8.0.jar:/home/spayker/.m2/repository/io/zipkin/zipkin2/zipkin/2.17.0/zipkin-2.17.0.jar:/home/spayker/.m2/repository/io/zipkin/reporter2/zipkin-reporter/2.10.3/zipkin-reporter-2.10.3.jar:/home/spayker/.m2/repository/io/zipkin/brave/brave-context-log4j2/5.8.0/brave-context-log4j2-5.8.0.jar:/home/spayker/.m2/repository/io/zipkin/brave/brave-instrumentation-rpc/5.8.0/brave-instrumentation-rpc-5.8.0.jar:/home/spayker/.m2/repository/io/zipkin/brave/brave-instrumentation-spring-web/5.8.0/brave-instrumentation-spring-web-5.8.0.jar:/home/spayker/.m2/repository/io/zipkin/brave/brave-instrumentation-http/5.8.0/brave-instrumentation-http-5.8.0.jar:/home/spayker/.m2/repository/io/zipkin/brave/brave-instrumentation-spring-rabbit/5.8.0/brave-instrumentation-spring-rabbit-5.8.0.jar:/home/spayker/.m2/repository/io/zipkin/brave/brave-instrumentation-kafka-clients/5.8.0/brave-instrumentation-kafka-clients-5.8.0.jar:/home/spayker/.m2/repository/io/zipkin/brave/brave-instrumentation-httpclient/5.8.0/brave-instrumentation-httpclient-5.8.0.jar:/home/spayker/.m2/repository/io/zipkin/brave/brave-instrumentation-httpasyncclient/5.8.0/brave-instrumentation-httpasyncclient-5.8.0.jar:/home/spayker/.m2/repository/io/zipkin/brave/brave-instrumentation-spring-webmvc/5.8.0/brave-instrumentation-spring-webmvc-5.8.0.jar:/home/spayker/.m2/repository/io/zipkin/brave/brave-instrumentation-servlet/5.8.0/brave-instrumentation-servlet-5.8.0.jar:/home/spayker/.m2/repository/io/zipkin/brave/brave-instrumentation-jms/5.8.0/brave-instrumentation-jms-5.8.0.jar:/home/spayker/.m2/repository/org/springframework/boot/spring-boot-starter-data-mongodb/2.1.4.RELEASE/spring-boot-starter-data-mongodb-2.1.4.RELEASE.jar:/home/spayker/.m2/repository/org/mongodb/mongodb-driver/3.8.2/mongodb-driver-3.8.2.jar:/home/spayker/.m2/repository/org/mongodb/bson/3.8.2/bson-3.8.2.jar:/home/spayker/.m2/repository/org/mongodb/mongodb-driver-core/3.8.2/mongodb-driver-core-3.8.2.jar:/home/spayker/.m2/repository/org/springframework/data/spring-data-mongodb/2.1.6.RELEASE/spring-data-mongodb-2.1.6.RELEASE.jar:/home/spayker/.m2/repository/org/springframework/spring-tx/5.1.6.RELEASE/spring-tx-5.1.6.RELEASE.jar:/home/spayker/.m2/repository/org/springframework/data/spring-data-commons/2.1.6.RELEASE/spring-data-commons-2.1.6.RELEASE.jar:/home/spayker/.m2/repository/org/springframework/boot/spring-boot-starter-actuator/2.1.4.RELEASE/spring-boot-starter-actuator-2.1.4.RELEASE.jar:/home/spayker/.m2/repository/org/springframework/boot/spring-boot-actuator-autoconfigure/2.1.4.RELEASE/spring-boot-actuator-autoconfigure-2.1.4.RELEASE.jar:/home/spayker/.m2/repository/org/springframework/boot/spring-boot-actuator/2.1.4.RELEASE/spring-boot-actuator-2.1.4.RELEASE.jar:/home/spayker/.m2/repository/io/micrometer/micrometer-core/1.1.4/micrometer-core-1.1.4.jar:/home/spayker/.m2/repository/org/hdrhistogram/HdrHistogram/2.1.9/HdrHistogram-2.1.9.jar:/home/spayker/.m2/repository/org/latencyutils/LatencyUtils/2.0.3/LatencyUtils-2.0.3.jar:/home/spayker/.m2/repository/org/springframework/cloud/spring-cloud-starter-bus-amqp/2.1.4.RELEASE/spring-cloud-starter-bus-amqp-2.1.4.RELEASE.jar:/home/spayker/.m2/repository/org/springframework/cloud/spring-cloud-starter-stream-rabbit/2.1.4.RELEASE/spring-cloud-starter-stream-rabbit-2.1.4.RELEASE.jar:/home/spayker/.m2/repository/org/springframework/cloud/spring-cloud-stream-binder-rabbit/2.1.4.RELEASE/spring-cloud-stream-binder-rabbit-2.1.4.RELEASE.jar:/home/spayker/.m2/repository/org/springframework/cloud/spring-cloud-stream-binder-rabbit-core/2.1.4.RELEASE/spring-cloud-stream-binder-rabbit-core-2.1.4.RELEASE.jar:/home/spayker/.m2/repository/com/rabbitmq/http-client/2.1.0.RELEASE/http-client-2.1.0.RELEASE.jar:/home/spayker/.m2/repository/org/springframework/boot/spring-boot-starter-amqp/2.1.4.RELEASE/spring-boot-starter-amqp-2.1.4.RELEASE.jar:/home/spayker/.m2/repository/org/springframework/amqp/spring-rabbit/2.1.5.RELEASE/spring-rabbit-2.1.5.RELEASE.jar:/home/spayker/.m2/repository/org/springframework/amqp/spring-amqp/2.1.5.RELEASE/spring-amqp-2.1.5.RELEASE.jar:/home/spayker/.m2/repository/com/rabbitmq/amqp-client/5.4.3/amqp-client-5.4.3.jar:/home/spayker/.m2/repository/org/springframework/integration/spring-integration-amqp/5.1.4.RELEASE/spring-integration-amqp-5.1.4.RELEASE.jar:/home/spayker/.m2/repository/org/springframework/cloud/spring-cloud-bus/2.1.4.RELEASE/spring-cloud-bus-2.1.4.RELEASE.jar:/home/spayker/.m2/repository/org/springframework/integration/spring-integration-core/5.1.4.RELEASE/spring-integration-core-5.1.4.RELEASE.jar:/home/spayker/.m2/repository/io/projectreactor/reactor-core/3.2.8.RELEASE/reactor-core-3.2.8.RELEASE.jar:/home/spayker/.m2/repository/org/springframework/cloud/spring-cloud-starter-netflix-hystrix/2.1.4.RELEASE/spring-cloud-starter-netflix-hystrix-2.1.4.RELEASE.jar:/home/spayker/.m2/repository/org/springframework/cloud/spring-cloud-netflix-ribbon/2.1.4.RELEASE/spring-cloud-netflix-ribbon-2.1.4.RELEASE.jar:/home/spayker/.m2/repository/com/netflix/hystrix/hystrix-core/1.5.18/hystrix-core-1.5.18.jar:/home/spayker/.m2/repository/com/netflix/hystrix/hystrix-serialization/1.5.18/hystrix-serialization-1.5.18.jar:/home/spayker/.m2/repository/com/fasterxml/jackson/module/jackson-module-afterburner/2.9.8/jackson-module-afterburner-2.9.8.jar:/home/spayker/.m2/repository/com/netflix/hystrix/hystrix-metrics-event-stream/1.5.18/hystrix-metrics-event-stream-1.5.18.jar:/home/spayker/.m2/repository/com/netflix/hystrix/hystrix-javanica/1.5.18/hystrix-javanica-1.5.18.jar:/home/spayker/.m2/repository/org/apache/commons/commons-lang3/3.8.1/commons-lang3-3.8.1.jar:/home/spayker/.m2/repository/org/ow2/asm/asm/5.0.4/asm-5.0.4.jar:/home/spayker/.m2/repository/com/google/guava/guava/15.0/guava-15.0.jar:/home/spayker/.m2/repository/io/reactivex/rxjava-reactive-streams/1.2.1/rxjava-reactive-streams-1.2.1.jar:/home/spayker/.m2/repository/org/reactivestreams/reactive-streams/1.0.2/reactive-streams-1.0.2.jar:/home/spayker/.m2/repository/org/springframework/cloud/spring-cloud-netflix-hystrix-stream/2.1.4.RELEASE/spring-cloud-netflix-hystrix-stream-2.1.4.RELEASE.jar:/home/spayker/.m2/repository/org/springframework/boot/spring-boot-starter-logging/2.1.4.RELEASE/spring-boot-starter-logging-2.1.4.RELEASE.jar:/home/spayker/.m2/repository/ch/qos/logback/logback-classic/1.2.3/logback-classic-1.2.3.jar:/home/spayker/.m2/repository/ch/qos/logback/logback-core/1.2.3/logback-core-1.2.3.jar:/home/spayker/.m2/repository/org/apache/logging/log4j/log4j-to-slf4j/2.11.2/log4j-to-slf4j-2.11.2.jar:/home/spayker/.m2/repository/org/apache/logging/log4j/log4j-api/2.11.2/log4j-api-2.11.2.jar:/home/spayker/.m2/repository/org/slf4j/jul-to-slf4j/1.7.26/jul-to-slf4j-1.7.26.jar:/home/spayker/.m2/repository/org/springframework/cloud/spring-cloud-stream/2.1.4.RELEASE/spring-cloud-stream-2.1.4.RELEASE.jar:/home/spayker/.m2/repository/org/springframework/boot/spring-boot-starter-validation/2.1.4.RELEASE/spring-boot-starter-validation-2.1.4.RELEASE.jar:/home/spayker/.m2/repository/org/springframework/spring-messaging/5.1.6.RELEASE/spring-messaging-5.1.6.RELEASE.jar:/home/spayker/.m2/repository/org/springframework/integration/spring-integration-jmx/5.1.4.RELEASE/spring-integration-jmx-5.1.4.RELEASE.jar:/home/spayker/.m2/repository/org/springframework/spring-tuple/1.0.0.RELEASE/spring-tuple-1.0.0.RELEASE.jar:/home/spayker/.m2/repository/com/esotericsoftware/kryo-shaded/3.0.3/kryo-shaded-3.0.3.jar:/home/spayker/.m2/repository/com/esotericsoftware/minlog/1.3.0/minlog-1.3.0.jar:/home/spayker/.m2/repository/org/springframework/integration/spring-integration-tuple/1.0.0.RELEASE/spring-integration-tuple-1.0.0.RELEASE.jar:/home/spayker/.m2/repository/org/springframework/retry/spring-retry/1.2.4.RELEASE/spring-retry-1.2.4.RELEASE.jar:/home/spayker/.m2/repository/org/springframework/cloud/spring-cloud-function-context/2.0.2.RELEASE/spring-cloud-function-context-2.0.2.RELEASE.jar:/home/spayker/.m2/repository/org/springframework/cloud/spring-cloud-function-core/2.0.2.RELEASE/spring-cloud-function-core-2.0.2.RELEASE.jar:/home/spayker/.m2/repository/org/springframework/boot/spring-boot-starter-test/2.1.4.RELEASE/spring-boot-starter-test-2.1.4.RELEASE.jar:/home/spayker/.m2/repository/org/springframework/boot/spring-boot-test/2.1.4.RELEASE/spring-boot-test-2.1.4.RELEASE.jar:/home/spayker/.m2/repository/org/springframework/boot/spring-boot-test-autoconfigure/2.1.4.RELEASE/spring-boot-test-autoconfigure-2.1.4.RELEASE.jar:/home/spayker/.m2/repository/junit/junit/4.12/junit-4.12.jar:/home/spayker/.m2/repository/org/assertj/assertj-core/3.11.1/assertj-core-3.11.1.jar:/home/spayker/.m2/repository/org/mockito/mockito-core/2.23.4/mockito-core-2.23.4.jar:/home/spayker/.m2/repository/net/bytebuddy/byte-buddy/1.9.12/byte-buddy-1.9.12.jar:/home/spayker/.m2/repository/net/bytebuddy/byte-buddy-agent/1.9.12/byte-buddy-agent-1.9.12.jar:/home/spayker/.m2/repository/org/objenesis/objenesis/2.6/objenesis-2.6.jar:/home/spayker/.m2/repository/org/hamcrest/hamcrest-core/1.3/hamcrest-core-1.3.jar:/home/spayker/.m2/repository/org/hamcrest/hamcrest-library/1.3/hamcrest-library-1.3.jar:/home/spayker/.m2/repository/org/skyscreamer/jsonassert/1.5.0/jsonassert-1.5.0.jar:/home/spayker/.m2/repository/com/vaadin/external/google/android-json/0.0.20131108.vaadin1/android-json-0.0.20131108.vaadin1.jar:/home/spayker/.m2/repository/org/springframework/spring-core/5.1.6.RELEASE/spring-core-5.1.6.RELEASE.jar:/home/spayker/.m2/repository/org/springframework/spring-jcl/5.1.6.RELEASE/spring-jcl-5.1.6.RELEASE.jar:/home/spayker/.m2/repository/org/springframework/spring-test/5.1.6.RELEASE/spring-test-5.1.6.RELEASE.jar:/home/spayker/.m2/repository/org/xmlunit/xmlunit-core/2.6.2/xmlunit-core-2.6.2.jar:/home/spayker/.m2/repository/de/flapdoodle/embed/de.flapdoodle.embed.mongo/2.2.0/de.flapdoodle.embed.mongo-2.2.0.jar:/home/spayker/.m2/repository/de/flapdoodle/embed/de.flapdoodle.embed.process/2.1.2/de.flapdoodle.embed.process-2.1.2.jar:/home/spayker/.m2/repository/net/java/dev/jna/jna/4.5.2/jna-4.5.2.jar:/home/spayker/.m2/repository/net/java/dev/jna/jna-platform/4.5.2/jna-platform-4.5.2.jar:/home/spayker/.m2/repository/org/apache/commons/commons-compress/1.18/commons-compress-1.18.jar:/home/spayker/.m2/repository/com/jayway/jsonpath/json-path/2.2.0/json-path-2.2.0.jar:/home/spayker/.m2/repository/net/minidev/json-smart/2.2.1/json-smart-2.2.1.jar:/home/spayker/.m2/repository/net/minidev/accessors-smart/1.1/accessors-smart-1.1.jar:/home/spayker/.m2/repository/org/slf4j/slf4j-api/1.7.26/slf4j-api-1.7.26.jar:"/>
    <property name="sun.cpu.endian" value="little"/>
    <property name="user.home" value="/home/spayker"/>
    <property name="user.language" value="en"/>
    <property name="java.specification.vendor" value="Oracle Corporation"/>
    <property name="java.version.date" value="2018-09-25"/>
    <property name="java.home" value="/home/spayker/sdk/jdk-11"/>
    <property name="file.separator" value="/"/>
    <property name="basedir" value="/home/spayker/projects/sbp_server/sbp_server/device-service"/>
    <property name="java.vm.compressedOopsMode" value="Zero based"/>
    <property name="line.separator" value="&#10;"/>
    <property name="java.specification.name" value="Java Platform API Specification"/>
    <property name="java.vm.specification.vendor" value="Oracle Corporation"/>
    <property name="java.awt.graphicsenv" value="sun.awt.X11GraphicsEnvironment"/>
    <property name="surefire.real.class.path" value="/home/spayker/projects/sbp_server/sbp_server/device-service/target/surefire/surefirebooter5494628294193511800.jar"/>
    <property name="sun.management.compiler" value="HotSpot 64-Bit Tiered Compilers"/>
    <property name="java.runtime.version" value="11+28"/>
    <property name="user.name" value="spayker"/>
    <property name="path.separator" value=":"/>
    <property name="os.version" value="5.0.0-37-generic"/>
    <property name="java.runtime.name" value="OpenJDK Runtime Environment"/>
    <property name="file.encoding" value="UTF-8"/>
    <property name="java.vm.name" value="OpenJDK 64-Bit Server VM"/>
    <property name="java.vendor.version" value="18.9"/>
    <property name="localRepository" value="/home/spayker/.m2/repository"/>
    <property name="java.vendor.url.bug" value="http://bugreport.java.com/bugreport/"/>
    <property name="java.io.tmpdir" value="/tmp"/>
    <property name="java.version" value="11"/>
    <property name="user.dir" value="/home/spayker/projects/sbp_server/sbp_server/device-service"/>
    <property name="os.arch" value="amd64"/>
    <property name="java.vm.specification.name" value="Java Virtual Machine Specification"/>
    <property name="java.awt.printerjob" value="sun.print.PSPrinterJob"/>
    <property name="sun.os.patch.level" value="unknown"/>
    <property name="java.library.path" value="/usr/java/packages/lib:/usr/lib64:/lib64:/lib:/usr/lib"/>
    <property name="java.vendor" value="Oracle Corporation"/>
    <property name="java.vm.info" value="mixed mode"/>
    <property name="java.vm.version" value="11+28"/>
    <property name="sun.io.unicode.encoding" value="UnicodeLittle"/>
    <property name="java.class.version" value="55.0"/>
  </properties>
  <testcase name="contextLoads" classname="com.spayker.device.DeviceServiceApplicationTests" time="0.003"/>
</testsuite>